%!Adobe-FontList 1.20
%Locale:0x409

%BeginFont
Handler:DirectoryHandler
FontType:Type1
FontName:Gotham-Black
FamilyName:Gotham
StyleName:Black
MenuName:Gotham Black
StyleBits:0
WeightClass:450
WidthClass:5
AngleClass:0
FullName:Gotham Black
WritingScript:Roman
OutlineFileName:/Volumes/Graphic Design/Tom Shave/Tom WIP/361683 Parity for Disability Service Brochure A5 8pp/361683 Parity for Disability Service Brochure A5 8pp v4 Folder/Document fonts/Gotham-Black.otf
DataFormat:sfntData
UsesStandardEncoding:yes
isCFF:yes
hasSVG:no
VariableFontType:NonVariableFont
FileLength:165580
FileModTime:410358566
NameArray:0,Mac,4,Gotham Black
NameArray:0,Win,1,Gotham Black
NameArray:0,Win,16,Gotham
%EndFont

%BeginFont
Handler:DirectoryHandler
FontType:Type1
FontName:Nexa-Bold
FamilyName:Nexa Bold
StyleName:Regular
MenuName:Nexa Bold
StyleBits:0
WeightClass:700
WidthClass:5
AngleClass:0
FullName:Nexa Bold
WritingScript:Roman
OutlineFileName:/Volumes/Graphic Design/Tom Shave/Tom WIP/361683 Parity for Disability Service Brochure A5 8pp/361683 Parity for Disability Service Brochure A5 8pp v4 Folder/Document fonts/Nexa-Bold.otf
DataFormat:sfntData
UsesStandardEncoding:yes
isCFF:yes
hasSVG:no
VariableFontType:NonVariableFont
FileLength:73276
FileModTime:486630075
NameArray:0,Mac,4,Nexa Bold
NameArray:0,Win,1,Nexa Bold
%EndFont

%BeginFont
Handler:DirectoryHandler
FontType:Type1
FontName:Nexa-Light
FamilyName:Nexa Light
StyleName:Regular
MenuName:Nexa Light
StyleBits:0
WeightClass:300
WidthClass:5
AngleClass:0
FullName:Nexa Light
WritingScript:Roman
OutlineFileName:/Volumes/Graphic Design/Tom Shave/Tom WIP/361683 Parity for Disability Service Brochure A5 8pp/361683 Parity for Disability Service Brochure A5 8pp v4 Folder/Document fonts/Nexa-Light.otf
DataFormat:sfntData
UsesStandardEncoding:yes
isCFF:yes
hasSVG:no
VariableFontType:NonVariableFont
FileLength:69976
FileModTime:436964668
NameArray:0,Mac,4,Nexa Light
NameArray:0,Win,1,Nexa Light
%EndFont

%BeginFont
Handler:DirectoryHandler
FontType:Type1
FontName:NexaBlack
FamilyName:Nexa Black
StyleName:Regular
MenuName:Nexa Black
StyleBits:0
WeightClass:900
WidthClass:5
AngleClass:0
FullName:Nexa Black
WritingScript:Roman
OutlineFileName:/Volumes/Graphic Design/Tom Shave/Tom WIP/361683 Parity for Disability Service Brochure A5 8pp/361683 Parity for Disability Service Brochure A5 8pp v4 Folder/Document fonts/NexaBlack.otf
DataFormat:sfntData
UsesStandardEncoding:yes
isCFF:yes
hasSVG:no
VariableFontType:NonVariableFont
FileLength:73712
FileModTime:486630075
NameArray:0,Mac,4,Nexa Black
NameArray:0,Win,1,Nexa Black
%EndFont

%BeginFont
Handler:DirectoryHandler
FontType:Type1
FontName:NexaHeavy
FamilyName:Nexa Heavy
StyleName:Regular
MenuName:Nexa Heavy
StyleBits:0
WeightClass:900
WidthClass:5
AngleClass:0
FullName:Nexa Heavy
WritingScript:Roman
OutlineFileName:/Volumes/Graphic Design/Tom Shave/Tom WIP/361683 Parity for Disability Service Brochure A5 8pp/361683 Parity for Disability Service Brochure A5 8pp v4 Folder/Document fonts/NexaHeavy.otf
DataFormat:sfntData
UsesStandardEncoding:yes
isCFF:yes
hasSVG:no
VariableFontType:NonVariableFont
FileLength:72656
FileModTime:436964668
NameArray:0,Mac,4,Nexa Heavy
NameArray:0,Win,1,Nexa Heavy
%EndFont

%BeginFont
Handler:DirectoryHandler
FontType:Type1
FontName:NexaRegular
FamilyName:Nexa Regular
StyleName:Regular
MenuName:Nexa Regular
StyleBits:0
WeightClass:400
WidthClass:5
AngleClass:0
FullName:Nexa Regular
WritingScript:Roman
OutlineFileName:/Volumes/Graphic Design/Tom Shave/Tom WIP/361683 Parity for Disability Service Brochure A5 8pp/361683 Parity for Disability Service Brochure A5 8pp v4 Folder/Document fonts/NexaRegular.otf
DataFormat:sfntData
UsesStandardEncoding:yes
isCFF:yes
hasSVG:no
VariableFontType:NonVariableFont
FileLength:76028
FileModTime:486630075
NameArray:0,Mac,4,Nexa Regular
NameArray:0,Win,1,Nexa Regular
%EndFont

%BeginFont
Handler:DirectoryHandler
FontType:TrueType
FontName:ZapfDingbatsITC
FamilyName:Zapf Dingbats
StyleName:Regular
MenuName:Zapf Dingbats
StyleBits:0
WeightClass:400
WidthClass:5
AngleClass:0
FullName:Zapf Dingbats
WritingScript:Roman
OutlineFileName:/Volumes/Graphic Design/Tom Shave/Tom WIP/361683 Parity for Disability Service Brochure A5 8pp/361683 Parity for Disability Service Brochure A5 8pp v4 Folder/Document fonts/ZapfDingbatsITC.ttf
DataFormat:sfntData
hasSVG:no
VariableFontType:NonVariableFont
FileLength:154132
FileModTime:431995992
NameArray:0,Mac,4,Zapf Dingbats
%EndFont

